Content-Type: text/plain; charset="utf-8"
MIME-Version: 1.0
Content-Transfer-Encoding: 7bit
Subject: Daily PDF Report - 2025-06-06
From: webmaster@localhost
To: sath@gmail.com
Date: Fri, 06 Jun 2025 10:51:53 -0000
Message-ID: <174920711315.6880.11812923624509119385@kinnera>

See attached PDF
-------------------------------------------------------------------------------
Content-Type: text/plain; charset="utf-8"
MIME-Version: 1.0
Content-Transfer-Encoding: 7bit
Subject: Daily HTML Report - 2025-06-06
From: webmaster@localhost
To: sath@gmail.com
Date: Fri, 06 Jun 2025 10:51:53 -0000
Message-ID: <174920711316.6880.1420388350105889386@kinnera>

See attached HTML
-------------------------------------------------------------------------------
Content-Type: text/plain; charset="utf-8"
MIME-Version: 1.0
Content-Transfer-Encoding: 7bit
Subject: Daily PDF Report - 2025-06-06
From: webmaster@localhost
To: sath@gmail.com
Date: Fri, 06 Jun 2025 10:51:53 -0000
Message-ID: <174920711317.6880.6483806930840113973@kinnera>

See attached PDF
-------------------------------------------------------------------------------
