Content-Type: text/plain; charset="utf-8"
MIME-Version: 1.0
Content-Transfer-Encoding: 7bit
Subject: Daily HTML Report - 2025-06-07
From: webmaster@localhost
To: sath@gmail.com
Date: Sat, 07 Jun 2025 20:24:16 -0000
Message-ID: <174932785624.10372.1299848095121311190@kinnera>

See attached HTML
-------------------------------------------------------------------------------
Content-Type: text/plain; charset="utf-8"
MIME-Version: 1.0
Content-Transfer-Encoding: 7bit
Subject: Daily HTML Report - 2025-06-07
From: webmaster@localhost
To: sath@gmail.com
Date: Sat, 07 Jun 2025 20:24:16 -0000
Message-ID: <174932785627.10372.13594992280895736201@kinnera>

See attached HTML
-------------------------------------------------------------------------------
Content-Type: text/plain; charset="utf-8"
MIME-Version: 1.0
Content-Transfer-Encoding: 7bit
Subject: Daily PDF Report - 2025-06-07
From: webmaster@localhost
To: haha@gmail.com
Date: Sat, 07 Jun 2025 20:24:16 -0000
Message-ID: <174932785631.10372.15788905894880943562@kinnera>

See attached PDF
-------------------------------------------------------------------------------
