Content-Type: text/plain; charset="utf-8"
MIME-Version: 1.0
Content-Transfer-Encoding: 7bit
Subject: Daily HTML Report - 2025-06-07
From: webmaster@localhost
To: sath@gmail.com
Date: Sat, 07 Jun 2025 23:09:05 -0000
Message-ID: <174933774506.18740.14816148162756601747@kinnera>

See attached HTML
-------------------------------------------------------------------------------
Content-Type: text/plain; charset="utf-8"
MIME-Version: 1.0
Content-Transfer-Encoding: 7bit
Subject: Daily PDF Report - 2025-06-07
From: webmaster@localhost
To: hehe@gmail.com
Date: Sat, 07 Jun 2025 23:09:05 -0000
Message-ID: <174933774507.18740.16302122079955834694@kinnera>

See attached PDF
-------------------------------------------------------------------------------
