Content-Type: text/plain; charset="utf-8"
MIME-Version: 1.0
Content-Transfer-Encoding: 7bit
Subject: Daily PDF Report - 2025-06-07
From: webmaster@localhost
To: sath@gmail.com
Date: Sat, 07 Jun 2025 20:24:16 -0000
Message-ID: <174932785627.10372.17201423225732989406@kinnera>

See attached PDF
-------------------------------------------------------------------------------
Content-Type: text/plain; charset="utf-8"
MIME-Version: 1.0
Content-Transfer-Encoding: 7bit
Subject: Daily PDF Report - 2025-06-07
From: webmaster@localhost
To: sath@gmail.com
Date: Sat, 07 Jun 2025 20:24:16 -0000
Message-ID: <174932785629.10372.15959747187797414852@kinnera>

See attached PDF
-------------------------------------------------------------------------------
Content-Type: text/plain; charset="utf-8"
MIME-Version: 1.0
Content-Transfer-Encoding: 7bit
Subject: Daily HTML Report - 2025-06-07
From: webmaster@localhost
To: haha@gmail.com
Date: Sat, 07 Jun 2025 20:24:16 -0000
Message-ID: <174932785630.10372.14672270538151715031@kinnera>

See attached HTML
-------------------------------------------------------------------------------
