Content-Type: text/plain; charset="utf-8"
MIME-Version: 1.0
Content-Transfer-Encoding: 7bit
Subject: Daily HTML Report - 2025-06-07
From: webmaster@localhost
To: sath@gmail.com
Date: Sat, 07 Jun 2025 23:20:53 -0000
Message-ID: <174933845325.13772.3585377194240392773@kinnera>

See attached HTML
-------------------------------------------------------------------------------
Content-Type: text/plain; charset="utf-8"
MIME-Version: 1.0
Content-Transfer-Encoding: 7bit
Subject: Daily PDF Report - 2025-06-07
From: webmaster@localhost
To: hehe@gmail.com
Date: Sat, 07 Jun 2025 23:20:53 -0000
Message-ID: <174933845326.13772.11826442897279378594@kinnera>

See attached PDF
-------------------------------------------------------------------------------
