Content-Type: text/plain; charset="utf-8"
MIME-Version: 1.0
Content-Transfer-Encoding: 7bit
Subject: Daily PDF Report - 2025-06-06
From: webmaster@localhost
To: sath@gmail.com
Date: Fri, 06 Jun 2025 10:35:47 -0000
Message-ID: <174920614784.24136.12961290910788091363@kinnera>

See attached PDF
-------------------------------------------------------------------------------
Content-Type: text/plain; charset="utf-8"
MIME-Version: 1.0
Content-Transfer-Encoding: 7bit
Subject: Daily HTML Report - 2025-06-06
From: webmaster@localhost
To: sath@gmail.com
Date: Fri, 06 Jun 2025 10:35:47 -0000
Message-ID: <174920614785.24136.12964254107551435040@kinnera>

See attached HTML
-------------------------------------------------------------------------------
